<?xml version="1.0" encoding="UTF-8"?>
<testsuite xmlns:xsi="http://www.w3.org/2001/XMLSchema-instance" xsi:noNamespaceSchemaLocation="https://maven.apache.org/surefire/maven-surefire-plugin/xsd/surefire-test-report.xsd" name="mflix.api.daos.ProjectionTest" time="4.458" tests="2" errors="2" skipped="0" failures="0">
  <properties>
[...]
</properties>
  <testcase name="testProjectionShape" classname="mflix.api.daos.ProjectionTest" time="2.002">
    <error message="Can&apos;t find a codec for class [Ljava.lang.String;." type="org.bson.codecs.configuration.CodecConfigurationException">org.bson.codecs.configuration.CodecConfigurationException: Can't find a codec for class [Ljava.lang.String;.
	at mflix.api.daos.ProjectionTest.testProjectionShape(ProjectionTest.java:53)
</error>
    <system-out><![CDATA[14:34:40.686 [main] DEBUG org.springframework.test.context.junit4.SpringJUnit4ClassRunner - SpringJUnit4ClassRunner constructor called with [class mflix.api.daos.ProjectionTest]
14:34:40.690 [main] DEBUG org.springframework.test.context.BootstrapUtils - Instantiating CacheAwareContextLoaderDelegate from class [org.springframework.test.context.cache.DefaultCacheAwareContextLoaderDelegate]
14:34:40.696 [main] DEBUG org.springframework.test.context.BootstrapUtils - Instantiating BootstrapContext using constructor [public org.springframework.test.context.support.DefaultBootstrapContext(java.lang.Class,org.springframework.test.context.CacheAwareContextLoaderDelegate)]
14:34:40.711 [main] DEBUG org.springframework.test.context.BootstrapUtils - Instantiating TestContextBootstrapper for test class [mflix.api.daos.ProjectionTest] from class [org.springframework.boot.test.context.SpringBootTestContextBootstrapper]
14:34:40.720 [main] INFO org.springframework.boot.test.context.SpringBootTestContextBootstrapper - Neither @ContextConfiguration nor @ContextHierarchy found for test class [mflix.api.daos.ProjectionTest], using SpringBootContextLoader
14:34:40.724 [main] DEBUG org.springframework.test.context.support.AbstractContextLoader - Did not detect default resource location for test class [mflix.api.daos.ProjectionTest]: class path resource [mflix/api/daos/ProjectionTest-context.xml] does not exist
14:34:40.725 [main] DEBUG org.springframework.test.context.support.AbstractContextLoader - Did not detect default resource location for test class [mflix.api.daos.ProjectionTest]: class path resource [mflix/api/daos/ProjectionTestContext.groovy] does not exist
14:34:40.725 [main] INFO org.springframework.test.context.support.AbstractContextLoader - Could not detect default resource locations for test class [mflix.api.daos.ProjectionTest]: no resource found for suffixes {-context.xml, Context.groovy}.
14:34:40.766 [main] DEBUG org.springframework.test.context.support.ActiveProfilesUtils - Could not find an 'annotation declaring class' for annotation type [org.springframework.test.context.ActiveProfiles] and class [mflix.api.daos.ProjectionTest]
14:34:40.880 [main] DEBUG org.springframework.boot.test.context.SpringBootTestContextBootstrapper - @TestExecutionListeners is not present for class [mflix.api.daos.ProjectionTest]: using defaults.
14:34:40.881 [main] INFO org.springframework.boot.test.context.SpringBootTestContextBootstrapper - Loaded default TestExecutionListener class names from location [META-INF/spring.factories]: [org.springframework.boot.test.mock.mockito.MockitoTestExecutionListener, org.springframework.boot.test.mock.mockito.ResetMocksTestExecutionListener, org.springframework.boot.test.autoconfigure.restdocs.RestDocsTestExecutionListener, org.springframework.boot.test.autoconfigure.web.client.MockRestServiceServerResetTestExecutionListener, org.springframework.boot.test.autoconfigure.web.servlet.MockMvcPrintOnlyOnFailureTestExecutionListener, org.springframework.boot.test.autoconfigure.web.servlet.WebDriverTestExecutionListener, org.springframework.test.context.web.ServletTestExecutionListener, org.springframework.test.context.support.DirtiesContextBeforeModesTestExecutionListener, org.springframework.test.context.support.DependencyInjectionTestExecutionListener, org.springframework.test.context.support.DirtiesContextTestExecutionListener, org.springframework.test.context.transaction.TransactionalTestExecutionListener, org.springframework.test.context.jdbc.SqlScriptsTestExecutionListener]
14:34:40.893 [main] DEBUG org.springframework.boot.test.context.SpringBootTestContextBootstrapper - Skipping candidate TestExecutionListener [org.springframework.test.context.transaction.TransactionalTestExecutionListener] due to a missing dependency. Specify custom listener classes or make the default listener classes and their required dependencies available. Offending class: [org/springframework/transaction/interceptor/TransactionAttributeSource]
14:34:40.893 [main] DEBUG org.springframework.boot.test.context.SpringBootTestContextBootstrapper - Skipping candidate TestExecutionListener [org.springframework.test.context.jdbc.SqlScriptsTestExecutionListener] due to a missing dependency. Specify custom listener classes or make the default listener classes and their required dependencies available. Offending class: [org/springframework/transaction/interceptor/TransactionAttribute]
14:34:40.894 [main] INFO org.springframework.boot.test.context.SpringBootTestContextBootstrapper - Using TestExecutionListeners: [org.springframework.test.context.web.ServletTestExecutionListener@4f2b503c, org.springframework.test.context.support.DirtiesContextBeforeModesTestExecutionListener@bae7dc0, org.springframework.boot.test.mock.mockito.MockitoTestExecutionListener@209da20d, org.springframework.boot.test.autoconfigure.SpringBootDependencyInjectionTestExecutionListener@e15b7e8, org.springframework.test.context.support.DirtiesContextTestExecutionListener@1b2abca6, org.springframework.boot.test.mock.mockito.ResetMocksTestExecutionListener@6392827e, org.springframework.boot.test.autoconfigure.restdocs.RestDocsTestExecutionListener@2ed2d9cb, org.springframework.boot.test.autoconfigure.web.client.MockRestServiceServerResetTestExecutionListener@d5b810e, org.springframework.boot.test.autoconfigure.web.servlet.MockMvcPrintOnlyOnFailureTestExecutionListener@43dac38f, org.springframework.boot.test.autoconfigure.web.servlet.WebDriverTestExecutionListener@342c38f8]
14:34:40.895 [main] DEBUG org.springframework.test.annotation.ProfileValueUtils - Retrieved @ProfileValueSourceConfiguration [null] for test class [mflix.api.daos.ProjectionTest]
14:34:40.896 [main] DEBUG org.springframework.test.annotation.ProfileValueUtils - Retrieved ProfileValueSource type [class org.springframework.test.annotation.SystemProfileValueSource] for class [mflix.api.daos.ProjectionTest]
14:34:40.897 [main] DEBUG org.springframework.test.annotation.ProfileValueUtils - Retrieved @ProfileValueSourceConfiguration [null] for test class [mflix.api.daos.ProjectionTest]
14:34:40.898 [main] DEBUG org.springframework.test.annotation.ProfileValueUtils - Retrieved ProfileValueSource type [class org.springframework.test.annotation.SystemProfileValueSource] for class [mflix.api.daos.ProjectionTest]
14:34:40.898 [main] DEBUG org.springframework.test.annotation.ProfileValueUtils - Retrieved @ProfileValueSourceConfiguration [null] for test class [mflix.api.daos.ProjectionTest]
14:34:40.898 [main] DEBUG org.springframework.test.annotation.ProfileValueUtils - Retrieved ProfileValueSource type [class org.springframework.test.annotation.SystemProfileValueSource] for class [mflix.api.daos.ProjectionTest]
14:34:40.905 [main] DEBUG org.springframework.test.context.support.AbstractDirtiesContextTestExecutionListener - Before test class: context [DefaultTestContext@659499f1 testClass = ProjectionTest, testInstance = [null], testMethod = [null], testException = [null], mergedContextConfiguration = [WebMergedContextConfiguration@51e69659 testClass = ProjectionTest, locations = '{}', classes = '{class mflix.config.MongoDBConfiguration, class mflix.config.MongoDBConfiguration}', contextInitializerClasses = '[]', activeProfiles = '{}', propertySourceLocations = '{}', propertySourceProperties = '{org.springframework.boot.test.context.SpringBootTestContextBootstrapper=true}', contextCustomizers = set[[ImportsContextCustomizer@47e2e487 key = [@org.springframework.boot.autoconfigure.AutoConfigurationPackage(), @org.springframework.context.annotation.Import(value={org.springframework.boot.context.properties.EnableConfigurationPropertiesImportSelector.class}), @org.springframework.boot.context.properties.EnableConfigurationProperties(value={}), @org.springframework.context.annotation.Import(value={org.springframework.boot.autoconfigure.AutoConfigurationPackages$Registrar.class}), @org.junit.runner.RunWith(value=org.springframework.test.context.junit4.SpringJUnit4ClassRunner.class), @org.springframework.boot.test.context.SpringBootTest(webEnvironment=MOCK, value={}, properties={}, classes={mflix.config.MongoDBConfiguration.class}), @org.springframework.boot.autoconfigure.EnableAutoConfiguration(excludeName={}, exclude={}), @org.springframework.context.annotation.Import(value={org.springframework.boot.autoconfigure.AutoConfigurationImportSelector.class}), @org.springframework.test.context.BootstrapWith(value=org.springframework.boot.test.context.SpringBootTestContextBootstrapper.class)]], org.springframework.boot.test.context.filter.ExcludeFilterContextCustomizer@5c30a9b0, org.springframework.boot.test.json.DuplicateJsonObjectContextCustomizerFactory$DuplicateJsonObjectContextCustomizer@7a69b07, org.springframework.boot.test.mock.mockito.MockitoContextCustomizer@0, org.springframework.boot.test.web.client.TestRestTemplateContextCustomizer@3427b02d, org.springframework.boot.test.autoconfigure.properties.PropertyMappingContextCustomizer@0, org.springframework.boot.test.autoconfigure.web.servlet.WebDriverContextCustomizerFactory$Customizer@333291e3], resourceBasePath = 'src/main/webapp', contextLoader = 'org.springframework.boot.test.context.SpringBootContextLoader', parent = [null]], attributes = map['org.springframework.test.context.web.ServletTestExecutionListener.activateListener' -> true]], class annotated with @DirtiesContext [false] with mode [null].
14:34:40.906 [main] DEBUG org.springframework.test.annotation.ProfileValueUtils - Retrieved @ProfileValueSourceConfiguration [null] for test class [mflix.api.daos.ProjectionTest]
14:34:40.906 [main] DEBUG org.springframework.test.annotation.ProfileValueUtils - Retrieved ProfileValueSource type [class org.springframework.test.annotation.SystemProfileValueSource] for class [mflix.api.daos.ProjectionTest]
14:34:40.930 [main] DEBUG org.springframework.core.env.StandardEnvironment - Adding PropertySource 'systemProperties' with lowest search precedence
14:34:40.930 [main] DEBUG org.springframework.core.env.StandardEnvironment - Adding PropertySource 'systemEnvironment' with lowest search precedence
14:34:40.930 [main] DEBUG org.springframework.core.env.StandardEnvironment - Initialized StandardEnvironment with PropertySources [MapPropertySource@480490520 {name='systemProperties', properties={sun.desktop=gnome, awt.toolkit=sun.awt.X11.XToolkit, java.specification.version=11, sun.cpu.isalist=, sun.jnu.encoding=UTF-8, java.class.path=/home/rubens.rangel/Downloads/mflix-java/target/test-classes:/home/rubens.rangel/Downloads/mflix-java/target/classes:/home/rubens.rangel/.m2/repository/org/springframework/boot/spring-boot-starter-web/2.0.3.RELEASE/spring-boot-starter-web-2.0.3.RELEASE.jar:/home/rubens.rangel/.m2/repository/org/springframework/boot/spring-boot-starter/2.0.3.RELEASE/spring-boot-starter-2.0.3.RELEASE.jar:/home/rubens.rangel/.m2/repository/org/springframework/boot/spring-boot-starter-logging/2.0.3.RELEASE/spring-boot-starter-logging-2.0.3.RELEASE.jar:/home/rubens.rangel/.m2/repository/ch/qos/logback/logback-classic/1.2.3/logback-classic-1.2.3.jar:/home/rubens.rangel/.m2/repository/ch/qos/logback/logback-core/1.2.3/logback-core-1.2.3.jar:/home/rubens.rangel/.m2/repository/org/apache/logging/log4j/log4j-to-slf4j/2.10.0/log4j-to-slf4j-2.10.0.jar:/home/rubens.rangel/.m2/repository/org/apache/logging/log4j/log4j-api/2.10.0/log4j-api-2.10.0.jar:/home/rubens.rangel/.m2/repository/org/slf4j/jul-to-slf4j/1.7.25/jul-to-slf4j-1.7.25.jar:/home/rubens.rangel/.m2/repository/javax/annotation/javax.annotation-api/1.3.2/javax.annotation-api-1.3.2.jar:/home/rubens.rangel/.m2/repository/org/yaml/snakeyaml/1.19/snakeyaml-1.19.jar:/home/rubens.rangel/.m2/repository/org/springframework/boot/spring-boot-starter-json/2.0.3.RELEASE/spring-boot-starter-json-2.0.3.RELEASE.jar:/home/rubens.rangel/.m2/repository/com/fasterxml/jackson/datatype/jackson-datatype-jdk8/2.9.6/jackson-datatype-jdk8-2.9.6.jar:/home/rubens.rangel/.m2/repository/com/fasterxml/jackson/datatype/jackson-datatype-jsr310/2.9.6/jackson-datatype-jsr310-2.9.6.jar:/home/rubens.rangel/.m2/repository/com/fasterxml/jackson/module/jackson-module-parameter-names/2.9.6/jackson-module-parameter-names-2.9.6.jar:/home/rubens.rangel/.m2/repository/org/springframework/boot/spring-boot-starter-tomcat/2.0.3.RELEASE/spring-boot-starter-tomcat-2.0.3.RELEASE.jar:/home/rubens.rangel/.m2/repository/org/apache/tomcat/embed/tomcat-embed-core/8.5.31/tomcat-embed-core-8.5.31.jar:/home/rubens.rangel/.m2/repository/org/apache/tomcat/embed/tomcat-embed-el/8.5.31/tomcat-embed-el-8.5.31.jar:/home/rubens.rangel/.m2/repository/org/apache/tomcat/embed/tomcat-embed-websocket/8.5.31/tomcat-embed-websocket-8.5.31.jar:/home/rubens.rangel/.m2/repository/org/hibernate/validator/hibernate-validator/6.0.10.Final/hibernate-validator-6.0.10.Final.jar:/home/rubens.rangel/.m2/repository/javax/validation/validation-api/2.0.1.Final/validation-api-2.0.1.Final.jar:/home/rubens.rangel/.m2/repository/org/jboss/logging/jboss-logging/3.3.2.Final/jboss-logging-3.3.2.Final.jar:/home/rubens.rangel/.m2/repository/com/fasterxml/classmate/1.3.4/classmate-1.3.4.jar:/home/rubens.rangel/.m2/repository/org/springframework/spring-webmvc/5.0.7.RELEASE/spring-webmvc-5.0.7.RELEASE.jar:/home/rubens.rangel/.m2/repository/org/springframework/boot/spring-boot-starter-test/2.0.3.RELEASE/spring-boot-starter-test-2.0.3.RELEASE.jar:/home/rubens.rangel/.m2/repository/org/springframework/boot/spring-boot-test/2.0.3.RELEASE/spring-boot-test-2.0.3.RELEASE.jar:/home/rubens.rangel/.m2/repository/org/springframework/boot/spring-boot-test-autoconfigure/2.0.3.RELEASE/spring-boot-test-autoconfigure-2.0.3.RELEASE.jar:/home/rubens.rangel/.m2/repository/com/jayway/jsonpath/json-path/2.4.0/json-path-2.4.0.jar:/home/rubens.rangel/.m2/repository/net/minidev/json-smart/2.3/json-smart-2.3.jar:/home/rubens.rangel/.m2/repository/net/minidev/accessors-smart/1.2/accessors-smart-1.2.jar:/home/rubens.rangel/.m2/repository/org/ow2/asm/asm/5.0.4/asm-5.0.4.jar:/home/rubens.rangel/.m2/repository/org/slf4j/slf4j-api/1.7.25/slf4j-api-1.7.25.jar:/home/rubens.rangel/.m2/repository/junit/junit/4.12/junit-4.12.jar:/home/rubens.rangel/.m2/repository/org/assertj/assertj-core/3.9.1/assertj-core-3.9.1.jar:/home/rubens.rangel/.m2/repository/org/mockito/mockito-core/2.15.0/mockito-core-2.15.0.jar:/home/rubens.rangel/.m2/repository/net/bytebuddy/byte-buddy/1.7.9/byte-buddy-1.7.9.jar:/home/rubens.rangel/.m2/repository/net/bytebuddy/byte-buddy-agent/1.7.9/byte-buddy-agent-1.7.9.jar:/home/rubens.rangel/.m2/repository/org/objenesis/objenesis/2.6/objenesis-2.6.jar:/home/rubens.rangel/.m2/repository/org/hamcrest/hamcrest-core/1.3/hamcrest-core-1.3.jar:/home/rubens.rangel/.m2/repository/org/hamcrest/hamcrest-library/1.3/hamcrest-library-1.3.jar:/home/rubens.rangel/.m2/repository/org/skyscreamer/jsonassert/1.5.0/jsonassert-1.5.0.jar:/home/rubens.rangel/.m2/repository/com/vaadin/external/google/android-json/0.0.20131108.vaadin1/android-json-0.0.20131108.vaadin1.jar:/home/rubens.rangel/.m2/repository/org/springframework/spring-test/5.0.7.RELEASE/spring-test-5.0.7.RELEASE.jar:/home/rubens.rangel/.m2/repository/org/xmlunit/xmlunit-core/2.5.1/xmlunit-core-2.5.1.jar:/home/rubens.rangel/.m2/repository/org/springframework/boot/spring-boot-starter-security/2.0.4.RELEASE/spring-boot-starter-security-2.0.4.RELEASE.jar:/home/rubens.rangel/.m2/repository/org/springframework/spring-aop/5.0.8.RELEASE/spring-aop-5.0.8.RELEASE.jar:/home/rubens.rangel/.m2/repository/org/springframework/security/spring-security-config/5.0.7.RELEASE/spring-security-config-5.0.7.RELEASE.jar:/home/rubens.rangel/.m2/repository/org/springframework/security/spring-security-core/5.0.7.RELEASE/spring-security-core-5.0.7.RELEASE.jar:/home/rubens.rangel/.m2/repository/org/springframework/security/spring-security-web/5.0.7.RELEASE/spring-security-web-5.0.7.RELEASE.jar:/home/rubens.rangel/.m2/repository/org/springframework/boot/spring-boot/2.0.4.RELEASE/spring-boot-2.0.4.RELEASE.jar:/home/rubens.rangel/.m2/repository/org/springframework/spring-context/5.0.7.RELEASE/spring-context-5.0.7.RELEASE.jar:/home/rubens.rangel/.m2/repository/org/springframework/spring-beans/5.0.7.RELEASE/spring-beans-5.0.7.RELEASE.jar:/home/rubens.rangel/.m2/repository/org/springframework/spring-expression/5.0.7.RELEASE/spring-expression-5.0.7.RELEASE.jar:/home/rubens.rangel/.m2/repository/org/springframework/spring-core/5.0.7.RELEASE/spring-core-5.0.7.RELEASE.jar:/home/rubens.rangel/.m2/repository/org/springframework/spring-jcl/5.0.7.RELEASE/spring-jcl-5.0.7.RELEASE.jar:/home/rubens.rangel/.m2/repository/org/springframework/boot/spring-boot-autoconfigure/2.0.3.RELEASE/spring-boot-autoconfigure-2.0.3.RELEASE.jar:/home/rubens.rangel/.m2/repository/org/springframework/spring-web/5.0.7.RELEASE/spring-web-5.0.7.RELEASE.jar:/home/rubens.rangel/.m2/repository/io/jsonwebtoken/jjwt/0.9.1/jjwt-0.9.1.jar:/home/rubens.rangel/.m2/repository/com/fasterxml/jackson/core/jackson-databind/2.9.6/jackson-databind-2.9.6.jar:/home/rubens.rangel/.m2/repository/com/fasterxml/jackson/core/jackson-annotations/2.9.0/jackson-annotations-2.9.0.jar:/home/rubens.rangel/.m2/repository/com/fasterxml/jackson/core/jackson-core/2.9.6/jackson-core-2.9.6.jar:/home/rubens.rangel/.m2/repository/org/junit/jupiter/junit-jupiter-api/5.1.0/junit-jupiter-api-5.1.0.jar:/home/rubens.rangel/.m2/repository/org/apiguardian/apiguardian-api/1.0.0/apiguardian-api-1.0.0.jar:/home/rubens.rangel/.m2/repository/org/opentest4j/opentest4j/1.0.0/opentest4j-1.0.0.jar:/home/rubens.rangel/.m2/repository/org/junit/platform/junit-platform-commons/1.1.0/junit-platform-commons-1.1.0.jar:/home/rubens.rangel/.m2/repository/org/mongodb/mongodb-driver-sync/3.9.1/mongodb-driver-sync-3.9.1.jar:/home/rubens.rangel/.m2/repository/org/mongodb/bson/3.9.1/bson-3.9.1.jar:/home/rubens.rangel/.m2/repository/org/mongodb/mongodb-driver-core/3.9.1/mongodb-driver-core-3.9.1.jar:, java.vm.vendor=Private Build, sun.arch.data.model=64, java.vendor.url=Unknown, user.timezone=America/Sao_Paulo, os.name=Linux, java.vm.specification.version=11, sun.java.launcher=SUN_STANDARD, user.country=BR, sun.boot.library.path=/usr/lib/jvm/java-11-openjdk-amd64/lib, sun.java.command=/home/rubens.rangel/Downloads/mflix-java/target/surefire/surefirebooter492177574411629563.jar /home/rubens.rangel/Downloads/mflix-java/target/surefire 2022-06-27T14-34-38_309-jvmRun1 surefire5487922276140589124tmp surefire_09709079121707178800tmp, jdk.debug=release, test=ProjectionTest, surefire.test.class.path=/home/rubens.rangel/Downloads/mflix-java/target/test-classes:/home/rubens.rangel/Downloads/mflix-java/target/classes:/home/rubens.rangel/.m2/repository/org/springframework/boot/spring-boot-starter-web/2.0.3.RELEASE/spring-boot-starter-web-2.0.3.RELEASE.jar:/home/rubens.rangel/.m2/repository/org/springframework/boot/spring-boot-starter/2.0.3.RELEASE/spring-boot-starter-2.0.3.RELEASE.jar:/home/rubens.rangel/.m2/repository/org/springframework/boot/spring-boot-starter-logging/2.0.3.RELEASE/spring-boot-starter-logging-2.0.3.RELEASE.jar:/home/rubens.rangel/.m2/repository/ch/qos/logback/logback-classic/1.2.3/logback-classic-1.2.3.jar:/home/rubens.rangel/.m2/repository/ch/qos/logback/logback-core/1.2.3/logback-core-1.2.3.jar:/home/rubens.rangel/.m2/repository/org/apache/logging/log4j/log4j-to-slf4j/2.10.0/log4j-to-slf4j-2.10.0.jar:/home/rubens.rangel/.m2/repository/org/apache/logging/log4j/log4j-api/2.10.0/log4j-api-2.10.0.jar:/home/rubens.rangel/.m2/repository/org/slf4j/jul-to-slf4j/1.7.25/jul-to-slf4j-1.7.25.jar:/home/rubens.rangel/.m2/repository/javax/annotation/javax.annotation-api/1.3.2/javax.annotation-api-1.3.2.jar:/home/rubens.rangel/.m2/repository/org/yaml/snakeyaml/1.19/snakeyaml-1.19.jar:/home/rubens.rangel/.m2/repository/org/springframework/boot/spring-boot-starter-json/2.0.3.RELEASE/spring-boot-starter-json-2.0.3.RELEASE.jar:/home/rubens.rangel/.m2/repository/com/fasterxml/jackson/datatype/jackson-datatype-jdk8/2.9.6/jackson-datatype-jdk8-2.9.6.jar:/home/rubens.rangel/.m2/repository/com/fasterxml/jackson/datatype/jackson-datatype-jsr310/2.9.6/jackson-datatype-jsr310-2.9.6.jar:/home/rubens.rangel/.m2/repository/com/fasterxml/jackson/module/jackson-module-parameter-names/2.9.6/jackson-module-parameter-names-2.9.6.jar:/home/rubens.rangel/.m2/repository/org/springframework/boot/spring-boot-starter-tomcat/2.0.3.RELEASE/spring-boot-starter-tomcat-2.0.3.RELEASE.jar:/home/rubens.rangel/.m2/repository/org/apache/tomcat/embed/tomcat-embed-core/8.5.31/tomcat-embed-core-8.5.31.jar:/home/rubens.rangel/.m2/repository/org/apache/tomcat/embed/tomcat-embed-el/8.5.31/tomcat-embed-el-8.5.31.jar:/home/rubens.rangel/.m2/repository/org/apache/tomcat/embed/tomcat-embed-websocket/8.5.31/tomcat-embed-websocket-8.5.31.jar:/home/rubens.rangel/.m2/repository/org/hibernate/validator/hibernate-validator/6.0.10.Final/hibernate-validator-6.0.10.Final.jar:/home/rubens.rangel/.m2/repository/javax/validation/validation-api/2.0.1.Final/validation-api-2.0.1.Final.jar:/home/rubens.rangel/.m2/repository/org/jboss/logging/jboss-logging/3.3.2.Final/jboss-logging-3.3.2.Final.jar:/home/rubens.rangel/.m2/repository/com/fasterxml/classmate/1.3.4/classmate-1.3.4.jar:/home/rubens.rangel/.m2/repository/org/springframework/spring-webmvc/5.0.7.RELEASE/spring-webmvc-5.0.7.RELEASE.jar:/home/rubens.rangel/.m2/repository/org/springframework/boot/spring-boot-starter-test/2.0.3.RELEASE/spring-boot-starter-test-2.0.3.RELEASE.jar:/home/rubens.rangel/.m2/repository/org/springframework/boot/spring-boot-test/2.0.3.RELEASE/spring-boot-test-2.0.3.RELEASE.jar:/home/rubens.rangel/.m2/repository/org/springframework/boot/spring-boot-test-autoconfigure/2.0.3.RELEASE/spring-boot-test-autoconfigure-2.0.3.RELEASE.jar:/home/rubens.rangel/.m2/repository/com/jayway/jsonpath/json-path/2.4.0/json-path-2.4.0.jar:/home/rubens.rangel/.m2/repository/net/minidev/json-smart/2.3/json-smart-2.3.jar:/home/rubens.rangel/.m2/repository/net/minidev/accessors-smart/1.2/accessors-smart-1.2.jar:/home/rubens.rangel/.m2/repository/org/ow2/asm/asm/5.0.4/asm-5.0.4.jar:/home/rubens.rangel/.m2/repository/org/slf4j/slf4j-api/1.7.25/slf4j-api-1.7.25.jar:/home/rubens.rangel/.m2/repository/junit/junit/4.12/junit-4.12.jar:/home/rubens.rangel/.m2/repository/org/assertj/assertj-core/3.9.1/assertj-core-3.9.1.jar:/home/rubens.rangel/.m2/repository/org/mockito/mockito-core/2.15.0/mockito-core-2.15.0.jar:/home/rubens.rangel/.m2/repository/net/bytebuddy/byte-buddy/1.7.9/byte-buddy-1.7.9.jar:/home/rubens.rangel/.m2/repository/net/bytebuddy/byte-buddy-agent/1.7.9/byte-buddy-agent-1.7.9.jar:/home/rubens.rangel/.m2/repository/org/objenesis/objenesis/2.6/objenesis-2.6.jar:/home/rubens.rangel/.m2/repository/org/hamcrest/hamcrest-core/1.3/hamcrest-core-1.3.jar:/home/rubens.rangel/.m2/repository/org/hamcrest/hamcrest-library/1.3/hamcrest-library-1.3.jar:/home/rubens.rangel/.m2/repository/org/skyscreamer/jsonassert/1.5.0/jsonassert-1.5.0.jar:/home/rubens.rangel/.m2/repository/com/vaadin/external/google/android-json/0.0.20131108.vaadin1/android-json-0.0.20131108.vaadin1.jar:/home/rubens.rangel/.m2/repository/org/springframework/spring-test/5.0.7.RELEASE/spring-test-5.0.7.RELEASE.jar:/home/rubens.rangel/.m2/repository/org/xmlunit/xmlunit-core/2.5.1/xmlunit-core-2.5.1.jar:/home/rubens.rangel/.m2/repository/org/springframework/boot/spring-boot-starter-security/2.0.4.RELEASE/spring-boot-starter-security-2.0.4.RELEASE.jar:/home/rubens.rangel/.m2/repository/org/springframework/spring-aop/5.0.8.RELEASE/spring-aop-5.0.8.RELEASE.jar:/home/rubens.rangel/.m2/repository/org/springframework/security/spring-security-config/5.0.7.RELEASE/spring-security-config-5.0.7.RELEASE.jar:/home/rubens.rangel/.m2/repository/org/springframework/security/spring-security-core/5.0.7.RELEASE/spring-security-core-5.0.7.RELEASE.jar:/home/rubens.rangel/.m2/repository/org/springframework/security/spring-security-web/5.0.7.RELEASE/spring-security-web-5.0.7.RELEASE.jar:/home/rubens.rangel/.m2/repository/org/springframework/boot/spring-boot/2.0.4.RELEASE/spring-boot-2.0.4.RELEASE.jar:/home/rubens.rangel/.m2/repository/org/springframework/spring-context/5.0.7.RELEASE/spring-context-5.0.7.RELEASE.jar:/home/rubens.rangel/.m2/repository/org/springframework/spring-beans/5.0.7.RELEASE/spring-beans-5.0.7.RELEASE.jar:/home/rubens.rangel/.m2/repository/org/springframework/spring-expression/5.0.7.RELEASE/spring-expression-5.0.7.RELEASE.jar:/home/rubens.rangel/.m2/repository/org/springframework/spring-core/5.0.7.RELEASE/spring-core-5.0.7.RELEASE.jar:/home/rubens.rangel/.m2/repository/org/springframework/spring-jcl/5.0.7.RELEASE/spring-jcl-5.0.7.RELEASE.jar:/home/rubens.rangel/.m2/repository/org/springframework/boot/spring-boot-autoconfigure/2.0.3.RELEASE/spring-boot-autoconfigure-2.0.3.RELEASE.jar:/home/rubens.rangel/.m2/repository/org/springframework/spring-web/5.0.7.RELEASE/spring-web-5.0.7.RELEASE.jar:/home/rubens.rangel/.m2/repository/io/jsonwebtoken/jjwt/0.9.1/jjwt-0.9.1.jar:/home/rubens.rangel/.m2/repository/com/fasterxml/jackson/core/jackson-databind/2.9.6/jackson-databind-2.9.6.jar:/home/rubens.rangel/.m2/repository/com/fasterxml/jackson/core/jackson-annotations/2.9.0/jackson-annotations-2.9.0.jar:/home/rubens.rangel/.m2/repository/com/fasterxml/jackson/core/jackson-core/2.9.6/jackson-core-2.9.6.jar:/home/rubens.rangel/.m2/repository/org/junit/jupiter/junit-jupiter-api/5.1.0/junit-jupiter-api-5.1.0.jar:/home/rubens.rangel/.m2/repository/org/apiguardian/apiguardian-api/1.0.0/apiguardian-api-1.0.0.jar:/home/rubens.rangel/.m2/repository/org/opentest4j/opentest4j/1.0.0/opentest4j-1.0.0.jar:/home/rubens.rangel/.m2/repository/org/junit/platform/junit-platform-commons/1.1.0/junit-platform-commons-1.1.0.jar:/home/rubens.rangel/.m2/repository/org/mongodb/mongodb-driver-sync/3.9.1/mongodb-driver-sync-3.9.1.jar:/home/rubens.rangel/.m2/repository/org/mongodb/bson/3.9.1/bson-3.9.1.jar:/home/rubens.rangel/.m2/repository/org/mongodb/mongodb-driver-core/3.9.1/mongodb-driver-core-3.9.1.jar:, sun.cpu.endian=little, user.home=/home/rubens.rangel, user.language=pt, java.specification.vendor=Oracle Corporation, java.version.date=2022-04-19, java.home=/usr/lib/jvm/java-11-openjdk-amd64, file.separator=/, basedir=/home/rubens.rangel/Downloads/mflix-java, java.vm.compressedOopsMode=Zero based, line.separator=
, java.specification.name=Java Platform API Specification, java.vm.specification.vendor=Oracle Corporation, java.awt.graphicsenv=sun.awt.X11GraphicsEnvironment, surefire.real.class.path=/home/rubens.rangel/Downloads/mflix-java/target/surefire/surefirebooter492177574411629563.jar, sun.management.compiler=HotSpot 64-Bit Tiered Compilers, java.runtime.version=11.0.15+10-Ubuntu-0ubuntu0.20.04.1, user.name=rubens.rangel, path.separator=:, os.version=5.13.0-51-generic, java.runtime.name=OpenJDK Runtime Environment, file.encoding=UTF-8, java.vm.name=OpenJDK 64-Bit Server VM, localRepository=/home/rubens.rangel/.m2/repository, java.vendor.url.bug=Unknown, java.io.tmpdir=/tmp, java.version=11.0.15, user.dir=/home/rubens.rangel/Downloads/mflix-java, os.arch=amd64, java.vm.specification.name=Java Virtual Machine Specification, java.awt.printerjob=sun.print.PSPrinterJob, sun.os.patch.level=unknown, java.library.path=/usr/java/packages/lib:/usr/lib/x86_64-linux-gnu/jni:/lib/x86_64-linux-gnu:/usr/lib/x86_64-linux-gnu:/usr/lib/jni:/lib:/usr/lib, java.vm.info=mixed mode, sharing, java.vendor=Private Build, java.vm.version=11.0.15+10-Ubuntu-0ubuntu0.20.04.1, sun.io.unicode.encoding=UnicodeLittle, java.class.version=55.0}}, SystemEnvironmentPropertySource@1489743810 {name='systemEnvironment', properties={PATH=/home/rubens.rangel/.nvm/versions/node/v14.18.3/bin:/usr/local/sbin:/usr/local/bin:/usr/sbin:/usr/bin:/sbin:/bin:/usr/games:/usr/local/games:/snap/bin, XAUTHORITY=/run/user/1001/gdm/Xauthority, INVOCATION_ID=f8f3dd7f27d8409990fd28b060a14452, XMODIFIERS=@im=ibus, XDG_DATA_DIRS=/usr/share/ubuntu:/usr/local/share/:/usr/share/:/var/lib/snapd/desktop, GDMSESSION=ubuntu, MANDATORY_PATH=/usr/share/gconf/ubuntu.mandatory.path, DBUS_SESSION_BUS_ADDRESS=unix:path=/run/user/1001/bus, DEFAULTS_PATH=/usr/share/gconf/ubuntu.default.path, XDG_CURRENT_DESKTOP=ubuntu:GNOME, JOURNAL_STREAM=8:98105, SSH_AGENT_PID=3754, SESSION_MANAGER=local/BRRJOBITANL3542:@/tmp/.ICE-unix/3792,unix/BRRJOBITANL3542:/tmp/.ICE-unix/3792, USERNAME=rubens.rangel, LOGNAME=rubens.rangel, PWD=/home/rubens.rangel/Downloads/mflix-java, MANAGERPID=3530, IM_CONFIG_PHASE=1, LANGUAGE=pt_BR:pt:en, GJS_DEBUG_TOPICS=JS ERROR;JS LOG, NVM_CD_FLAGS=, SHELL=/bin/bash, LESSOPEN=| /usr/bin/lesspipe %s, GIO_LAUNCHED_DESKTOP_FILE=/home/rubens.rangel/.local/share/applications/jetbrains-idea-ce.desktop, OLDPWD=/home/rubens.rangel/Downloads/mflix-java, GNOME_DESKTOP_SESSION_ID=this-is-deprecated, GTK_MODULES=gail:atk-bridge, TERM_SESSION_ID=5b6e047e-f788-4ce3-90ff-95ec095e729e, XDG_SESSION_DESKTOP=ubuntu, LS_COLORS=rs=0:di=01;34:ln=01;36:mh=00:pi=40;33:so=01;35:do=01;35:bd=40;33;01:cd=40;33;01:or=40;31;01:mi=00:su=37;41:sg=30;43:ca=30;41:tw=30;42:ow=34;42:st=37;44:ex=01;32:*.tar=01;31:*.tgz=01;31:*.arc=01;31:*.arj=01;31:*.taz=01;31:*.lha=01;31:*.lz4=01;31:*.lzh=01;31:*.lzma=01;31:*.tlz=01;31:*.txz=01;31:*.tzo=01;31:*.t7z=01;31:*.zip=01;31:*.z=01;31:*.dz=01;31:*.gz=01;31:*.lrz=01;31:*.lz=01;31:*.lzo=01;31:*.xz=01;31:*.zst=01;31:*.tzst=01;31:*.bz2=01;31:*.bz=01;31:*.tbz=01;31:*.tbz2=01;31:*.tz=01;31:*.deb=01;31:*.rpm=01;31:*.jar=01;31:*.war=01;31:*.ear=01;31:*.sar=01;31:*.rar=01;31:*.alz=01;31:*.ace=01;31:*.zoo=01;31:*.cpio=01;31:*.7z=01;31:*.rz=01;31:*.cab=01;31:*.wim=01;31:*.swm=01;31:*.dwm=01;31:*.esd=01;31:*.jpg=01;35:*.jpeg=01;35:*.mjpg=01;35:*.mjpeg=01;35:*.gif=01;35:*.bmp=01;35:*.pbm=01;35:*.pgm=01;35:*.ppm=01;35:*.tga=01;35:*.xbm=01;35:*.xpm=01;35:*.tif=01;35:*.tiff=01;35:*.png=01;35:*.svg=01;35:*.svgz=01;35:*.mng=01;35:*.pcx=01;35:*.mov=01;35:*.mpg=01;35:*.mpeg=01;35:*.m2v=01;35:*.mkv=01;35:*.webm=01;35:*.ogm=01;35:*.mp4=01;35:*.m4v=01;35:*.mp4v=01;35:*.vob=01;35:*.qt=01;35:*.nuv=01;35:*.wmv=01;35:*.asf=01;35:*.rm=01;35:*.rmvb=01;35:*.flc=01;35:*.avi=01;35:*.fli=01;35:*.flv=01;35:*.gl=01;35:*.dl=01;35:*.xcf=01;35:*.xwd=01;35:*.yuv=01;35:*.cgm=01;35:*.emf=01;35:*.ogv=01;35:*.ogx=01;35:*.aac=00;36:*.au=00;36:*.flac=00;36:*.m4a=00;36:*.mid=00;36:*.midi=00;36:*.mka=00;36:*.mp3=00;36:*.mpc=00;36:*.ogg=00;36:*.ra=00;36:*.wav=00;36:*.oga=00;36:*.opus=00;36:*.spx=00;36:*.xspf=00;36:, SHLVL=1, LESSCLOSE=/usr/bin/lesspipe %s %s, QT_IM_MODULE=ibus, TERM=xterm-256color, XDG_CONFIG_DIRS=/etc/xdg/xdg-ubuntu:/etc/xdg, LANG=pt_BR.UTF-8, XDG_SESSION_TYPE=x11, DISPLAY=:0, NVM_INC=/home/rubens.rangel/.nvm/versions/node/v14.18.3/include/node, MAVEN_CMD_LINE_ARGS= test -Dtest=ProjectionTest, XDG_SESSION_CLASS=user, _=/usr/bin/mvn, JABBA_HOME=/home/rubens.rangel/.jabba, NVM_DIR=/home/rubens.rangel/.nvm, GPG_AGENT_INFO=/run/user/1001/gnupg/S.gpg-agent:0:1, MAVEN_PROJECTBASEDIR=/home/rubens.rangel/Downloads/mflix-java, DESKTOP_SESSION=ubuntu, USER=rubens.rangel, DESKTOP_STARTUP_ID=gnome-shell/IntelliJ IDEA Community Edition/3811-11-BRRJOBITANL3542_TIME18282905, XDG_MENU_PREFIX=gnome-, GIO_LAUNCHED_DESKTOP_FILE_PID=55697, QT_ACCESSIBILITY=1, WINDOWPATH=2, TERMINAL_EMULATOR=JetBrains-JediTerm, GJS_DEBUG_OUTPUT=stderr, SSH_AUTH_SOCK=/run/user/1001/keyring/ssh, GNOME_SHELL_SESSION_MODE=ubuntu, XDG_RUNTIME_DIR=/run/user/1001, NVM_BIN=/home/rubens.rangel/.nvm/versions/node/v14.18.3/bin, HOME=/home/rubens.rangel}}]
14:34:40.934 [main] DEBUG org.springframework.test.context.support.TestPropertySourceUtils - Adding inlined properties to environment: {spring.jmx.enabled=false, org.springframework.boot.test.context.SpringBootTestContextBootstrapper=true, server.port=-1}
14:34:40.934 [main] DEBUG org.springframework.core.env.StandardEnvironment - Adding PropertySource 'Inlined Test Properties' with highest search precedence

  .   ____          _            __ _ _
 /\\ / ___'_ __ _ _(_)_ __  __ _ \ \ \ \
( ( )\___ | '_ | '_| | '_ \/ _` | \ \ \ \
 \\/  ___)| |_)| | | | | || (_| |  ) ) ) )
  '  |____| .__|_| |_|_| |_\__, | / / / /
 =========|_|==============|___/=/_/_/_/
 :: Spring Boot ::        (v2.0.4.RELEASE)

2022-06-27 14:34:41.253  INFO 60415 --- [           main] mflix.api.daos.ProjectionTest            : Starting ProjectionTest on BRRJOBITANL3542 with PID 60415 (started by rubens.rangel in /home/rubens.rangel/Downloads/mflix-java)
2022-06-27 14:34:41.255  INFO 60415 --- [           main] mflix.api.daos.ProjectionTest            : No active profile set, falling back to default profiles: default
2022-06-27 14:34:41.278  INFO 60415 --- [           main] o.s.w.c.s.GenericWebApplicationContext   : Refreshing org.springframework.web.context.support.GenericWebApplicationContext@38b27cdc: startup date [Mon Jun 27 14:34:41 BRT 2022]; root of context hierarchy
2022-06-27 14:34:42.075  INFO 60415 --- [           main] org.mongodb.driver.cluster               : Cluster created with settings {hosts=[ac-mm1glgf-shard-00-02.iqcqjlf.mongodb.net:27017, ac-mm1glgf-shard-00-01.iqcqjlf.mongodb.net:27017, ac-mm1glgf-shard-00-00.iqcqjlf.mongodb.net:27017], mode=MULTIPLE, requiredClusterType=REPLICA_SET, serverSelectionTimeout='30000 ms', maxWaitQueueSize=500, requiredReplicaSetName='atlas-6jp74b-shard-0'}
2022-06-27 14:34:42.075  INFO 60415 --- [           main] org.mongodb.driver.cluster               : Adding discovered server ac-mm1glgf-shard-00-02.iqcqjlf.mongodb.net:27017 to client view of cluster
2022-06-27 14:34:42.097  INFO 60415 --- [           main] org.mongodb.driver.cluster               : Adding discovered server ac-mm1glgf-shard-00-01.iqcqjlf.mongodb.net:27017 to client view of cluster
2022-06-27 14:34:42.099  INFO 60415 --- [           main] org.mongodb.driver.cluster               : Adding discovered server ac-mm1glgf-shard-00-00.iqcqjlf.mongodb.net:27017 to client view of cluster
2022-06-27 14:34:42.389  INFO 60415 --- [           main] o.s.w.s.handler.SimpleUrlHandlerMapping  : Mapped URL path [/**/favicon.ico] onto handler of type [class org.springframework.web.servlet.resource.ResourceHttpRequestHandler]
2022-06-27 14:34:42.584  INFO 60415 --- [           main] s.w.s.m.m.a.RequestMappingHandlerAdapter : Looking for @ControllerAdvice: org.springframework.web.context.support.GenericWebApplicationContext@38b27cdc: startup date [Mon Jun 27 14:34:41 BRT 2022]; root of context hierarchy
2022-06-27 14:34:42.635  INFO 60415 --- [           main] s.w.s.m.m.a.RequestMappingHandlerMapping : Mapped "{[/error]}" onto public org.springframework.http.ResponseEntity<java.util.Map<java.lang.String, java.lang.Object>> org.springframework.boot.autoconfigure.web.servlet.error.BasicErrorController.error(javax.servlet.http.HttpServletRequest)
2022-06-27 14:34:42.636  INFO 60415 --- [           main] s.w.s.m.m.a.RequestMappingHandlerMapping : Mapped "{[/error],produces=[text/html]}" onto public org.springframework.web.servlet.ModelAndView org.springframework.boot.autoconfigure.web.servlet.error.BasicErrorController.errorHtml(javax.servlet.http.HttpServletRequest,javax.servlet.http.HttpServletResponse)
2022-06-27 14:34:42.654  INFO 60415 --- [           main] o.s.w.s.handler.SimpleUrlHandlerMapping  : Mapped URL path [/webjars/**] onto handler of type [class org.springframework.web.servlet.resource.ResourceHttpRequestHandler]
2022-06-27 14:34:42.654  INFO 60415 --- [           main] o.s.w.s.handler.SimpleUrlHandlerMapping  : Mapped URL path [/**] onto handler of type [class org.springframework.web.servlet.resource.ResourceHttpRequestHandler]
2022-06-27 14:34:42.694  INFO 60415 --- [           main] o.s.b.a.w.s.WelcomePageHandlerMapping    : Adding welcome page: class path resource [build/index.html]
2022-06-27 14:34:42.850  INFO 60415 --- [           main] .s.s.UserDetailsServiceAutoConfiguration : 

Using generated security password: 52238556-fa0d-4e10-8438-3ae28447a683

2022-06-27 14:34:42.944  INFO 60415 --- [           main] o.s.s.web.DefaultSecurityFilterChain     : Creating filter chain: org.springframework.security.web.util.matcher.AnyRequestMatcher@1, [org.springframework.security.web.context.request.async.WebAsyncManagerIntegrationFilter@38b3f208, org.springframework.security.web.context.SecurityContextPersistenceFilter@d5bb1c4, org.springframework.security.web.header.HeaderWriterFilter@772caabe, org.springframework.security.web.csrf.CsrfFilter@74f827ad, org.springframework.security.web.authentication.logout.LogoutFilter@b3e86d5, org.springframework.security.web.authentication.UsernamePasswordAuthenticationFilter@631cb129, org.springframework.security.web.authentication.ui.DefaultLoginPageGeneratingFilter@2cd4e16a, org.springframework.security.web.authentication.www.BasicAuthenticationFilter@63300c4b, org.springframework.security.web.savedrequest.RequestCacheAwareFilter@4b960b5b, org.springframework.security.web.servletapi.SecurityContextHolderAwareRequestFilter@7bf01cb, org.springframework.security.web.authentication.AnonymousAuthenticationFilter@6680f714, org.springframework.security.web.session.SessionManagementFilter@7102ac3e, org.springframework.security.web.access.ExceptionTranslationFilter@56e9a474, org.springframework.security.web.access.intercept.FilterSecurityInterceptor@2c9a6717]
2022-06-27 14:34:43.005  INFO 60415 --- [           main] mflix.api.daos.ProjectionTest            : Started ProjectionTest in 2.063 seconds (JVM running for 2.672)
2022-06-27 14:34:43.094  INFO 60415 --- [           main] org.mongodb.driver.cluster               : No server chosen by com.mongodb.client.internal.MongoClientDelegate$1@4b8137c5 from cluster description ClusterDescription{type=REPLICA_SET, connectionMode=MULTIPLE, serverDescriptions=[ServerDescription{address=ac-mm1glgf-shard-00-00.iqcqjlf.mongodb.net:27017, type=UNKNOWN, state=CONNECTING}, ServerDescription{address=ac-mm1glgf-shard-00-01.iqcqjlf.mongodb.net:27017, type=UNKNOWN, state=CONNECTING}, ServerDescription{address=ac-mm1glgf-shard-00-02.iqcqjlf.mongodb.net:27017, type=UNKNOWN, state=CONNECTING}]}. Waiting for 30000 ms before timing out
2022-06-27 14:34:43.263  INFO 60415 --- [ngodb.net:27017] org.mongodb.driver.connection            : Opened connection [connectionId{localValue:1, serverValue:450679}] to ac-mm1glgf-shard-00-00.iqcqjlf.mongodb.net:27017
2022-06-27 14:34:43.265  INFO 60415 --- [ngodb.net:27017] org.mongodb.driver.connection            : Opened connection [connectionId{localValue:3, serverValue:446723}] to ac-mm1glgf-shard-00-01.iqcqjlf.mongodb.net:27017
2022-06-27 14:34:43.282  INFO 60415 --- [ngodb.net:27017] org.mongodb.driver.connection            : Opened connection [connectionId{localValue:2, serverValue:465356}] to ac-mm1glgf-shard-00-02.iqcqjlf.mongodb.net:27017
2022-06-27 14:34:43.405  INFO 60415 --- [ngodb.net:27017] org.mongodb.driver.cluster               : Monitor thread successfully connected to server with description ServerDescription{address=ac-mm1glgf-shard-00-00.iqcqjlf.mongodb.net:27017, type=REPLICA_SET_SECONDARY, state=CONNECTED, ok=true, version=ServerVersion{versionList=[5, 0, 9]}, minWireVersion=0, maxWireVersion=13, maxDocumentSize=16777216, logicalSessionTimeoutMinutes=30, roundTripTimeNanos=137839420, setName='atlas-6jp74b-shard-0', canonicalAddress=ac-mm1glgf-shard-00-00.iqcqjlf.mongodb.net:27017, hosts=[ac-mm1glgf-shard-00-00.iqcqjlf.mongodb.net:27017, ac-mm1glgf-shard-00-01.iqcqjlf.mongodb.net:27017, ac-mm1glgf-shard-00-02.iqcqjlf.mongodb.net:27017], passives=[], arbiters=[], primary='ac-mm1glgf-shard-00-02.iqcqjlf.mongodb.net:27017', tagSet=TagSet{[Tag{name='workloadType', value='OPERATIONAL'}, Tag{name='provider', value='AWS'}, Tag{name='nodeType', value='ELECTABLE'}, Tag{name='region', value='US_EAST_1'}]}, electionId=null, setVersion=11, lastWriteDate=Mon Jun 27 14:34:43 BRT 2022, lastUpdateTimeNanos=20355645255134}
2022-06-27 14:34:43.407  INFO 60415 --- [ngodb.net:27017] org.mongodb.driver.cluster               : Monitor thread successfully connected to server with description ServerDescription{address=ac-mm1glgf-shard-00-01.iqcqjlf.mongodb.net:27017, type=REPLICA_SET_SECONDARY, state=CONNECTED, ok=true, version=ServerVersion{versionList=[5, 0, 9]}, minWireVersion=0, maxWireVersion=13, maxDocumentSize=16777216, logicalSessionTimeoutMinutes=30, roundTripTimeNanos=142378316, setName='atlas-6jp74b-shard-0', canonicalAddress=ac-mm1glgf-shard-00-01.iqcqjlf.mongodb.net:27017, hosts=[ac-mm1glgf-shard-00-00.iqcqjlf.mongodb.net:27017, ac-mm1glgf-shard-00-01.iqcqjlf.mongodb.net:27017, ac-mm1glgf-shard-00-02.iqcqjlf.mongodb.net:27017], passives=[], arbiters=[], primary='ac-mm1glgf-shard-00-02.iqcqjlf.mongodb.net:27017', tagSet=TagSet{[Tag{name='workloadType', value='OPERATIONAL'}, Tag{name='region', value='US_EAST_1'}, Tag{name='nodeType', value='ELECTABLE'}, Tag{name='provider', value='AWS'}]}, electionId=null, setVersion=11, lastWriteDate=Mon Jun 27 14:34:43 BRT 2022, lastUpdateTimeNanos=20355648673904}
2022-06-27 14:34:43.416  INFO 60415 --- [           main] org.mongodb.driver.cluster               : No server chosen by ReadPreferenceServerSelector{readPreference=primary} from cluster description ClusterDescription{type=REPLICA_SET, connectionMode=MULTIPLE, serverDescriptions=[ServerDescription{address=ac-mm1glgf-shard-00-00.iqcqjlf.mongodb.net:27017, type=REPLICA_SET_SECONDARY, state=CONNECTED, ok=true, version=ServerVersion{versionList=[5, 0, 9]}, minWireVersion=0, maxWireVersion=13, maxDocumentSize=16777216, logicalSessionTimeoutMinutes=30, roundTripTimeNanos=137839420, setName='atlas-6jp74b-shard-0', canonicalAddress=ac-mm1glgf-shard-00-00.iqcqjlf.mongodb.net:27017, hosts=[ac-mm1glgf-shard-00-00.iqcqjlf.mongodb.net:27017, ac-mm1glgf-shard-00-01.iqcqjlf.mongodb.net:27017, ac-mm1glgf-shard-00-02.iqcqjlf.mongodb.net:27017], passives=[], arbiters=[], primary='ac-mm1glgf-shard-00-02.iqcqjlf.mongodb.net:27017', tagSet=TagSet{[Tag{name='workloadType', value='OPERATIONAL'}, Tag{name='provider', value='AWS'}, Tag{name='nodeType', value='ELECTABLE'}, Tag{name='region', value='US_EAST_1'}]}, electionId=null, setVersion=11, lastWriteDate=Mon Jun 27 14:34:43 BRT 2022, lastUpdateTimeNanos=20355645255134}, ServerDescription{address=ac-mm1glgf-shard-00-01.iqcqjlf.mongodb.net:27017, type=REPLICA_SET_SECONDARY, state=CONNECTED, ok=true, version=ServerVersion{versionList=[5, 0, 9]}, minWireVersion=0, maxWireVersion=13, maxDocumentSize=16777216, logicalSessionTimeoutMinutes=30, roundTripTimeNanos=142378316, setName='atlas-6jp74b-shard-0', canonicalAddress=ac-mm1glgf-shard-00-01.iqcqjlf.mongodb.net:27017, hosts=[ac-mm1glgf-shard-00-00.iqcqjlf.mongodb.net:27017, ac-mm1glgf-shard-00-01.iqcqjlf.mongodb.net:27017, ac-mm1glgf-shard-00-02.iqcqjlf.mongodb.net:27017], passives=[], arbiters=[], primary='ac-mm1glgf-shard-00-02.iqcqjlf.mongodb.net:27017', tagSet=TagSet{[Tag{name='workloadType', value='OPERATIONAL'}, Tag{name='region', value='US_EAST_1'}, Tag{name='nodeType', value='ELECTABLE'}, Tag{name='provider', value='AWS'}]}, electionId=null, setVersion=11, lastWriteDate=Mon Jun 27 14:34:43 BRT 2022, lastUpdateTimeNanos=20355648673904}, ServerDescription{address=ac-mm1glgf-shard-00-02.iqcqjlf.mongodb.net:27017, type=UNKNOWN, state=CONNECTING}]}. Waiting for 30000 ms before timing out
2022-06-27 14:34:43.424  INFO 60415 --- [ngodb.net:27017] org.mongodb.driver.cluster               : Monitor thread successfully connected to server with description ServerDescription{address=ac-mm1glgf-shard-00-02.iqcqjlf.mongodb.net:27017, type=REPLICA_SET_PRIMARY, state=CONNECTED, ok=true, version=ServerVersion{versionList=[5, 0, 9]}, minWireVersion=0, maxWireVersion=13, maxDocumentSize=16777216, logicalSessionTimeoutMinutes=30, roundTripTimeNanos=141468732, setName='atlas-6jp74b-shard-0', canonicalAddress=ac-mm1glgf-shard-00-02.iqcqjlf.mongodb.net:27017, hosts=[ac-mm1glgf-shard-00-00.iqcqjlf.mongodb.net:27017, ac-mm1glgf-shard-00-01.iqcqjlf.mongodb.net:27017, ac-mm1glgf-shard-00-02.iqcqjlf.mongodb.net:27017], passives=[], arbiters=[], primary='ac-mm1glgf-shard-00-02.iqcqjlf.mongodb.net:27017', tagSet=TagSet{[Tag{name='region', value='US_EAST_1'}, Tag{name='provider', value='AWS'}, Tag{name='nodeType', value='ELECTABLE'}, Tag{name='workloadType', value='OPERATIONAL'}]}, electionId=7fffffff000000000000007e, setVersion=11, lastWriteDate=Mon Jun 27 14:34:43 BRT 2022, lastUpdateTimeNanos=20355665463556}
2022-06-27 14:34:43.425  INFO 60415 --- [ngodb.net:27017] org.mongodb.driver.cluster               : Setting max election id to 7fffffff000000000000007e from replica set primary ac-mm1glgf-shard-00-02.iqcqjlf.mongodb.net:27017
2022-06-27 14:34:43.425  INFO 60415 --- [ngodb.net:27017] org.mongodb.driver.cluster               : Setting max set version to 11 from replica set primary ac-mm1glgf-shard-00-02.iqcqjlf.mongodb.net:27017
2022-06-27 14:34:43.425  INFO 60415 --- [ngodb.net:27017] org.mongodb.driver.cluster               : Discovered replica set primary ac-mm1glgf-shard-00-02.iqcqjlf.mongodb.net:27017
2022-06-27 14:34:44.048  INFO 60415 --- [ngodb.net:27017] org.mongodb.driver.cluster               : Monitor thread successfully connected to server with description ServerDescription{address=ac-mm1glgf-shard-00-00.iqcqjlf.mongodb.net:27017, type=REPLICA_SET_SECONDARY, state=CONNECTED, ok=true, version=ServerVersion{versionList=[5, 0, 9]}, minWireVersion=0, maxWireVersion=13, maxDocumentSize=16777216, logicalSessionTimeoutMinutes=30, roundTripTimeNanos=138131424, setName='atlas-6jp74b-shard-0', canonicalAddress=ac-mm1glgf-shard-00-00.iqcqjlf.mongodb.net:27017, hosts=[ac-mm1glgf-shard-00-00.iqcqjlf.mongodb.net:27017, ac-mm1glgf-shard-00-01.iqcqjlf.mongodb.net:27017, ac-mm1glgf-shard-00-02.iqcqjlf.mongodb.net:27017], passives=[], arbiters=[], primary='ac-mm1glgf-shard-00-02.iqcqjlf.mongodb.net:27017', tagSet=TagSet{[Tag{name='provider', value='AWS'}, Tag{name='region', value='US_EAST_1'}, Tag{name='workloadType', value='OPERATIONAL'}, Tag{name='nodeType', value='ELECTABLE'}]}, electionId=null, setVersion=11, lastWriteDate=Mon Jun 27 14:34:43 BRT 2022, lastUpdateTimeNanos=20356288897457}
2022-06-27 14:34:45.008  INFO 60415 --- [           main] org.mongodb.driver.connection            : Opened connection [connectionId{localValue:4, serverValue:465294}] to ac-mm1glgf-shard-00-02.iqcqjlf.mongodb.net:27017
]]></system-out>
  </testcase>
  <testcase name="testFindMoviesByCountry" classname="mflix.api.daos.ProjectionTest" time="0.005">
    <error message="Can&apos;t find a codec for class [Ljava.lang.String;." type="org.bson.codecs.configuration.CodecConfigurationException">org.bson.codecs.configuration.CodecConfigurationException: Can't find a codec for class [Ljava.lang.String;.
	at mflix.api.daos.ProjectionTest.testFindMoviesByCountry(ProjectionTest.java:38)
</error>
  </testcase>
</testsuite>